
App api_id: 16863011
App api_hash: 6a6987409c48cb1f8bbc01cd2565bb11
App title: testApi
Short name: testApi


Test configuration:

149.154.167.40:443
DC 2
-----BEGIN RSA PUBLIC KEY-----
MIIBCgKCAQEAyMEdY1aR+sCR3ZSJrtztKTKqigvO/vBfqACJLZtS7QMgCGXJ6XIR
yy7mx66W0/sOFa7/1mAZtEoIokDP3ShoqF4fVNb6XeqgQfaUHd8wJpDWHcR2OFwv
plUUI1PLTktZ9uW2WE23b+ixNwJjJGwBDJPQEQFBE+vfmH0JP503wr5INS1poWg/
j25sIWeYPHYeOrFp/eXaqhISP6G+q2IeTaWTXpwZj4LzXq5YOpk4bYEQ6mvRq7D1
aHWfYmlEGepfaYR8Q0YqvvhYtMte3ITnuSJs171+GDqpdKcSwHnd6FudwGO4pcCO
j4WcDuXc2CTHgH8gFTNhp/Y8/SpDOhvn9QIDAQAB
-----END RSA PUBLIC KEY-----

Production configuration:

149.154.167.50:443
-----BEGIN RSA PUBLIC KEY-----
MIIBCgKCAQEA6LszBcC1LGzyr992NzE0ieY+BSaOW622Aa9Bd4ZHLl+TuFQ4lo4g
5nKaMBwK/BIb9xUfg0Q29/2mgIR6Zr9krM7HjuIcCzFvDtr+L0GQjae9H0pRB2OO
62cECs5HKhT5DZ98K33vmWiLowc621dQuwKWSQKjWf50XYFw42h21P2KXUGyp2y/
+aEyZ+uVgLLQbRA1dEjSDZ2iGRy12Mk5gpYc397aYp438fsJoHIgJ2lgMv5h7WY9
t6N/byY9Nw9p21Og3AoXSL2q/2IJ1WRUhebgAdGVMlV1fkuOQoEzR7EdpqtQD9Cs
5+bfo3Nhmcyvk5ftB0WkJ9z6bNZ7yxrP8wIDAQAB
-----END RSA PUBLIC KEY-----

Using the api_id
Before using the MTProto Telegram API, please note that all API client libraries are strictly monitored to prevent abuse.

If you use the Telegram API for flooding, spamming, faking subscriber and view counters of channels, you will be banned forever.

Due to excessive abuse of the Telegram API, all accounts that sign up or log in using unofficial Telegram API clients are automatically put under observation to avoid violations of the Terms of Service.

If you didn't violate the Terms of Service but your account does get banned after using the API, write to recover@telegram.org explaining what you intend to do with the API, asking to unban your account.
Please note that emails are checked by a human, so automatically generated emails will be detected and banned.

set PATH="C:\Program Files\CMake\bin";%PATH%